EDA Netlist Writer report for Microwave
Tue Dec 25 14:09:20 2018
Quartus II Version 9.1 Build 350 03/24/2010 Service Pack 2 SJ Web Edition


---------------------
; Table of Contents ;
---------------------
  1. Legal Notice
  2. EDA Netlist Writer Summary
  3. Simulation Settings
  4. Simulation Generated Files
  5. Timing Analysis Settings
  6. Timing Analysis Generated Files
  7. EDA Netlist Writer Messages



----------------
; Legal Notice ;
----------------
Copyright (C) 1991-2010 Altera Corporation
Your use of Altera Corporation's design tools, logic functions 
and other software and tools, and its AMPP partner logic 
functions, and any output files from any of the foregoing 
(including device programming or simulation files), and any 
associated documentation or information are expressly subject 
to the terms and conditions of the Altera Program License 
Subscription Agreement, Altera MegaCore Function License 
Agreement, or other applicable license agreement, including, 
without limitation, that your use is for the sole purpose of 
programming logic devices manufactured by Altera and sold by 
Altera or its authorized distributors.  Please refer to the 
applicable agreement for further details.



+------------------------------------------------------------------------+
; EDA Netlist Writer Summary                                             ;
+--------------------------------+---------------------------------------+
; EDA Netlist Writer Status      ; Successful - Tue Dec 25 14:09:19 2018 ;
; Revision Name                  ; Microwave                             ;
; Top-level Entity Name          ; Microwave                             ;
; Family                         ; Cyclone III                           ;
; Simulation Files Creation      ; Successful                            ;
; Timing Analysis Files Creation ; Successful                            ;
+--------------------------------+---------------------------------------+


+-----------------------------------------------------------------------------------------------------------------------+
; Simulation Settings                                                                                                   ;
+---------------------------------------------------------------------------------------------------+-------------------+
; Option                                                                                            ; Setting           ;
+---------------------------------------------------------------------------------------------------+-------------------+
; Tool Name                                                                                         ; Active-HDL (VHDL) ;
; Generate netlist for functional simulation only                                                   ; Off               ;
; Time scale                                                                                        ; 1 ps              ;
; Truncate long hierarchy paths                                                                     ; Off               ;
; Map illegal HDL characters                                                                        ; Off               ;
; Flatten buses into individual nodes                                                               ; Off               ;
; Maintain hierarchy                                                                                ; Off               ;
; Bring out device-wide set/reset signals as ports                                                  ; Off               ;
; Enable glitch filtering                                                                           ; Off               ;
; Do not write top level VHDL entity                                                                ; Off               ;
; Disable detection of setup and hold time violations in the input registers of bi-directional pins ; Off               ;
; Architecture name in VHDL output netlist                                                          ; structure         ;
; Generate third-party EDA tool command script for RTL functional simulation                        ; Off               ;
; Generate third-party EDA tool command script for gate-level simulation                            ; Off               ;
+---------------------------------------------------------------------------------------------------+-------------------+


+----------------------------------------------------------------------------------------------------------------------------------+
; Simulation Generated Files                                                                                                       ;
+----------------------------------------------------------------------------------------------------------------------------------+
; Generated Files                                                                                                                  ;
+----------------------------------------------------------------------------------------------------------------------------------+
; D:/Orange/Study/Electricitiy/LD trials/FPGA projects/Microwave_release/simulation/activehdl/Microwave_8_1200mv_85c_slow.vho      ;
; D:/Orange/Study/Electricitiy/LD trials/FPGA projects/Microwave_release/simulation/activehdl/Microwave_8_1200mv_0c_slow.vho       ;
; D:/Orange/Study/Electricitiy/LD trials/FPGA projects/Microwave_release/simulation/activehdl/Microwave_min_1200mv_0c_fast.vho     ;
; D:/Orange/Study/Electricitiy/LD trials/FPGA projects/Microwave_release/simulation/activehdl/Microwave.vho                        ;
; D:/Orange/Study/Electricitiy/LD trials/FPGA projects/Microwave_release/simulation/activehdl/Microwave_8_1200mv_85c_vhd_slow.sdo  ;
; D:/Orange/Study/Electricitiy/LD trials/FPGA projects/Microwave_release/simulation/activehdl/Microwave_8_1200mv_0c_vhd_slow.sdo   ;
; D:/Orange/Study/Electricitiy/LD trials/FPGA projects/Microwave_release/simulation/activehdl/Microwave_min_1200mv_0c_vhd_fast.sdo ;
; D:/Orange/Study/Electricitiy/LD trials/FPGA projects/Microwave_release/simulation/activehdl/Microwave_vhd.sdo                    ;
+----------------------------------------------------------------------------------------------------------------------------------+


+-----------------------------------------------------------+
; Timing Analysis Settings                                  ;
+-------------------------------------+---------------------+
; Option                              ; Setting             ;
+-------------------------------------+---------------------+
; Tool Name                           ; PrimeTime (Verilog) ;
; Time scale                          ; 1 ps                ;
; Truncate long hierarchy paths       ; Off                 ;
; Map illegal HDL characters          ; Off                 ;
; Flatten buses into individual nodes ; Off                 ;
+-------------------------------------+---------------------+


+----------------------------------------------------------------------------------------------------------------------------+
; Timing Analysis Generated Files                                                                                            ;
+----------------------------------------------------------------------------------------------------------------------------+
; Generated Files                                                                                                            ;
+----------------------------------------------------------------------------------------------------------------------------+
; D:/Orange/Study/Electricitiy/LD trials/FPGA projects/Microwave_release/timing/primetime/Microwave.vo                       ;
; D:/Orange/Study/Electricitiy/LD trials/FPGA projects/Microwave_release/timing/primetime/Microwave_8_1200mv_85c_v_slow.sdo  ;
; D:/Orange/Study/Electricitiy/LD trials/FPGA projects/Microwave_release/timing/primetime/Microwave_8_1200mv_0c_v_slow.sdo   ;
; D:/Orange/Study/Electricitiy/LD trials/FPGA projects/Microwave_release/timing/primetime/Microwave_min_1200mv_0c_v_fast.sdo ;
; D:/Orange/Study/Electricitiy/LD trials/FPGA projects/Microwave_release/timing/primetime/Microwave_v.sdo                    ;
; D:/Orange/Study/Electricitiy/LD trials/FPGA projects/Microwave_release/timing/primetime/Microwave.collections.sdc          ;
; D:/Orange/Study/Electricitiy/LD trials/FPGA projects/Microwave_release/timing/primetime/Microwave.pt.tcl                   ;
; D:/Orange/Study/Electricitiy/LD trials/FPGA projects/Microwave_release/timing/primetime/Microwave.constraints.sdc          ;
+----------------------------------------------------------------------------------------------------------------------------+


+-----------------------------+
; EDA Netlist Writer Messages ;
+-----------------------------+
Info: *******************************************************************
Info: Running Quartus II EDA Netlist Writer
    Info: Version 9.1 Build 350 03/24/2010 Service Pack 2 SJ Web Edition
    Info: Processing started: Tue Dec 25 14:09:16 2018
Info: Command: quartus_eda --read_settings_files=off --write_settings_files=off Microwave -c Microwave
Info: Generated file Microwave_8_1200mv_85c_slow.vho in folder "D:/Orange/Study/Electricitiy/LD trials/FPGA projects/Microwave_release/simulation/activehdl/" for EDA simulation tool
Info: Generated file Microwave_8_1200mv_0c_slow.vho in folder "D:/Orange/Study/Electricitiy/LD trials/FPGA projects/Microwave_release/simulation/activehdl/" for EDA simulation tool
Info: Generated file Microwave_min_1200mv_0c_fast.vho in folder "D:/Orange/Study/Electricitiy/LD trials/FPGA projects/Microwave_release/simulation/activehdl/" for EDA simulation tool
Info: Generated file Microwave.vho in folder "D:/Orange/Study/Electricitiy/LD trials/FPGA projects/Microwave_release/simulation/activehdl/" for EDA simulation tool
Info: Generated file Microwave_8_1200mv_85c_vhd_slow.sdo in folder "D:/Orange/Study/Electricitiy/LD trials/FPGA projects/Microwave_release/simulation/activehdl/" for EDA simulation tool
Info: Generated file Microwave_8_1200mv_0c_vhd_slow.sdo in folder "D:/Orange/Study/Electricitiy/LD trials/FPGA projects/Microwave_release/simulation/activehdl/" for EDA simulation tool
Info: Generated file Microwave_min_1200mv_0c_vhd_fast.sdo in folder "D:/Orange/Study/Electricitiy/LD trials/FPGA projects/Microwave_release/simulation/activehdl/" for EDA simulation tool
Info: Generated file Microwave_vhd.sdo in folder "D:/Orange/Study/Electricitiy/LD trials/FPGA projects/Microwave_release/simulation/activehdl/" for EDA simulation tool
Info: Generated file Microwave.vo in folder "D:/Orange/Study/Electricitiy/LD trials/FPGA projects/Microwave_release/timing/primetime/" for EDA timing analysis tool
Info: Generated file Microwave_8_1200mv_85c_v_slow.sdo in folder "D:/Orange/Study/Electricitiy/LD trials/FPGA projects/Microwave_release/timing/primetime/" for EDA timing analysis tool
Info: Generated file Microwave_8_1200mv_0c_v_slow.sdo in folder "D:/Orange/Study/Electricitiy/LD trials/FPGA projects/Microwave_release/timing/primetime/" for EDA timing analysis tool
Info: Generated file Microwave_min_1200mv_0c_v_fast.sdo in folder "D:/Orange/Study/Electricitiy/LD trials/FPGA projects/Microwave_release/timing/primetime/" for EDA timing analysis tool
Info: Generated file Microwave_v.sdo in folder "D:/Orange/Study/Electricitiy/LD trials/FPGA projects/Microwave_release/timing/primetime/" for EDA timing analysis tool
Info: ------------------------------------------------------------
Info: eda_pt_script.tcl version: #1
Info: eda_pt_generate.tcl version: #1
Info: eda_pt_conversion.tcl version: #1
Info: ------------------------------------------------------------
Warning: Tcl Script File FireConstant.qip not found
    Info: set_global_assignment -name QIP_FILE FireConstant.qip
Warning: Tcl Script File Constant_4bit.qip not found
    Info: set_global_assignment -name QIP_FILE Constant_4bit.qip
Info: --------------------------------------------------------
Info: Generated D:/Orange/Study/Electricitiy/LD trials/FPGA projects/Microwave_release/timing/primetime/Microwave.collections.sdc
Info: --------------------------------------------------------
Info: --------------------------------------------------------
Info: Generated D:/Orange/Study/Electricitiy/LD trials/FPGA projects/Microwave_release/timing/primetime/Microwave.pt.tcl
Info: --------------------------------------------------------
Info: Quartus II EDA Netlist Writer was successful. 0 errors, 2 warnings
    Info: Peak virtual memory: 227 megabytes
    Info: Processing ended: Tue Dec 25 14:09:20 2018
    Info: Elapsed time: 00:00:04
    Info: Total CPU time (on all processors): 00:00:03


